2026-01-17 12:20:00,425 INFO o.a.j.u.JMeterUtils: Setting Locale to en_EN
2026-01-17 12:20:00,434 INFO o.a.j.JMeter: Loading user properties from: /opt/apache-jmeter-5.6.3/bin/user.properties
2026-01-17 12:20:00,434 INFO o.a.j.JMeter: Loading system properties from: /opt/apache-jmeter-5.6.3/bin/system.properties
2026-01-17 12:20:00,436 INFO o.a.j.JMeter: Copyright (c) 1998-2024 The Apache Software Foundation
2026-01-17 12:20:00,437 INFO o.a.j.JMeter: Version 5.6.3
2026-01-17 12:20:00,437 INFO o.a.j.JMeter: java.version=21.0.9
2026-01-17 12:20:00,437 INFO o.a.j.JMeter: java.vm.name=OpenJDK 64-Bit Server VM
2026-01-17 12:20:00,437 INFO o.a.j.JMeter: os.name=Linux
2026-01-17 12:20:00,437 INFO o.a.j.JMeter: os.arch=amd64
2026-01-17 12:20:00,437 INFO o.a.j.JMeter: os.version=6.14.0-37-generic
2026-01-17 12:20:00,437 INFO o.a.j.JMeter: file.encoding=UTF-8
2026-01-17 12:20:00,437 INFO o.a.j.JMeter: java.awt.headless=null
2026-01-17 12:20:00,437 INFO o.a.j.JMeter: Max memory     =1073741824
2026-01-17 12:20:00,437 INFO o.a.j.JMeter: Available Processors =16
2026-01-17 12:20:00,442 INFO o.a.j.JMeter: Default Locale=English (EN)
2026-01-17 12:20:00,442 INFO o.a.j.JMeter: JMeter  Locale=English (EN)
2026-01-17 12:20:00,442 INFO o.a.j.JMeter: JMeterHome=/opt/apache-jmeter-5.6.3
2026-01-17 12:20:00,442 INFO o.a.j.JMeter: user.dir  =/home/joan/unir/helloworld
2026-01-17 12:20:00,442 INFO o.a.j.JMeter: PWD       =/home/joan/unir/helloworld
2026-01-17 12:20:00,442 INFO o.a.j.JMeter: IP: 127.0.1.1 Name: joan-OMEN-Gaming-Laptop-16-am0xxx FullName: joan-OMEN-Gaming-Laptop-16-am0xxx
